#POTI_GIT_VERSION 92ea653 converter small fix: - EventDestroyContainer error
#POTI_GIT_DATE (date of the cmake configuration) 2014-10-05 18:53:13 -0300
%EventDef PajeDefineContainerType 0
%       Alias string
%       Type string
%       Name string
%EndEventDef
%EventDef PajeDefineVariableType 3
%       Alias string
%       Type string
%       Name string
%       Color color
%EndEventDef
%EventDef PajeDefineStateType 2
%       Alias string
%       Type string
%       Name string
%EndEventDef
%EventDef PajeDefineEventType 1
%       Alias string
%       Type string
%       Name string
%EndEventDef
%EventDef PajeDefineLinkType 4
%       Alias string
%       Type string
%       StartContainerType string
%       EndContainerType string
%       Name string
%EndEventDef
%EventDef PajeDefineEntityValue 5
%       Alias string
%       Type string
%       Name string
%       Color color
%EndEventDef
%EventDef PajeCreateContainer 6
%       Time date
%       Alias string
%       Type string
%       Container string
%       Name string
%EndEventDef
%EventDef PajeDestroyContainer 7
%       Time date
%       Type string
%       Name string
%EndEventDef
%EventDef PajeSetVariable 13
%       Time date
%       Container string
%       Type string
%       Value double
%EndEventDef
%EventDef PajeAddVariable 14
%       Time date
%       Container string
%       Type string
%       Value double
%EndEventDef
%EventDef PajeSubVariable 15
%       Time date
%       Container string
%       Type string
%       Value double
%EndEventDef
%EventDef PajeSetState 9
%       Time date
%       Container string
%       Type string
%       Value string
%EndEventDef
%EventDef PajePushState 10
%       Time date
%       Container string
%       Type string
%       Value string
%EndEventDef
%EventDef PajePopState 11
%       Time date
%       Container string
%       Type string
%EndEventDef
%EventDef PajeResetState 12
%       Time date
%       Type string
%       Container string
%EndEventDef
%EventDef PajeStartLink 16
%       Time date
%       Container string
%       Type string
%       StartContainer string
%       Value string
%       Key string
%EndEventDef
%EventDef PajeEndLink 17
%       Time date
%       Container string
%       Type string
%       EndContainer string
%       Value string
%       Key string
%EndEventDef
%EventDef PajeNewEvent 8
%       Time date
%       Container string
%       Type string
%       Value string
%EndEventDef
0 1 0 "HOST"
6 0.000000 1 1 0 "Tremblay"
3 2 1 "power" "1 1 1"
6 0.000000 2 1 0 "Jupiter"
6 0.000000 3 1 0 "Fafard"
6 0.000000 4 1 0 "Ginette"
6 0.000000 5 1 0 "Bourassa"
0 3 0 "LINK"
6 0.000000 6 3 0 "6"
3 4 3 "bandwidth" "1 1 1"
3 5 3 "latency" "1 1 1"
6 0.000000 7 3 0 "3"
6 0.000000 8 3 0 "7"
6 0.000000 9 3 0 "9"
6 0.000000 10 3 0 "2"
6 0.000000 11 3 0 "8"
6 0.000000 12 3 0 "1"
6 0.000000 13 3 0 "4"
6 0.000000 14 3 0 "0"
6 0.000000 15 3 0 "5"
4 6 0 1 3 "0-HOST1-LINK3"
4 7 0 3 3 "0-LINK3-LINK3"
4 8 0 3 1 "0-LINK3-HOST1"
13 0.000000 1 2 98095000.000000
13 0.000000 2 2 76296000.000000
13 0.000000 3 2 76296000.000000
13 0.000000 4 2 48492000.000000
13 0.000000 5 2 48492000.000000
13 0.000000 6 4 41279125.000000
13 0.000000 6 5 0.000060
13 0.000000 7 4 34285625.000000
13 0.000000 7 5 0.000514
13 0.000000 8 4 11618875.000000
13 0.000000 8 5 0.000190
13 0.000000 9 4 7209750.000000
13 0.000000 9 5 0.001462
13 0.000000 10 4 118682500.000000
13 0.000000 10 5 0.000137
13 0.000000 11 4 8158000.000000
13 0.000000 11 5 0.000271
13 0.000000 12 4 34285625.000000
13 0.000000 12 5 0.000514
13 0.000000 13 4 10099625.000000
13 0.000000 13 5 0.000480
13 0.000000 14 4 41279125.000000
13 0.000000 14 5 0.000060
13 0.000000 15 4 27946250.000000
13 0.000000 15 5 0.000278
16 0.000000 0 6 3 G 0
17 0.000000 0 6 11 G 0
16 0.000000 0 7 11 G 1
17 0.000000 0 7 12 G 1
16 0.000000 0 7 12 G 2
17 0.000000 0 7 14 G 2
16 0.000000 0 7 14 G 3
17 0.000000 0 7 10 G 3
16 0.000000 0 7 10 G 4
17 0.000000 0 7 7 G 4
16 0.000000 0 7 7 G 5
17 0.000000 0 7 13 G 5
16 0.000000 0 8 13 G 6
17 0.000000 0 8 1 G 6
16 0.000000 0 7 11 G 7
17 0.000000 0 7 6 G 7
16 0.000000 0 7 6 G 8
17 0.000000 0 7 8 G 8
16 0.000000 0 8 8 G 9
17 0.000000 0 8 5 G 9
16 0.000000 0 7 13 G 10
17 0.000000 0 7 9 G 10
16 0.000000 0 8 9 G 11
17 0.000000 0 8 2 G 11
16 0.000000 0 7 10 G 12
17 0.000000 0 7 15 G 12
16 0.000000 0 8 15 G 13
17 0.000000 0 8 4 G 13
16 0.000000 0 7 12 G 14
17 0.000000 0 7 6 G 14
16 0.000000 0 6 1 G 15
17 0.000000 0 6 9 G 15
16 0.000000 0 7 7 G 16
17 0.000000 0 7 15 G 16
3 9 3 "bcompute" "1 0 0"
3 10 1 "pcompute" "1 0 0"
3 11 3 "brequest" "0 1 0"
3 12 1 "prequest" "0 1 0"
3 13 3 "bdata" "0 0 1"
3 14 1 "pdata" "0 0 1"
3 15 3 "bfinalize" "0 0 0"
3 16 1 "pfinalize" "0 0 0"
13 0.020275 1 14 0.000000
14 0.020275 14 1 98095000.000000
15 0.020276 1 14 98095000.000000
13 0.039290 9 9 0.000000
14 0.039290 9 9 6660435.714286
15 0.039290 9 9 6660435.714286
14 0.039290 9 9 333021.785714
15 0.039290 9 9 333021.785714
13 0.039290 2 10 0.000000
14 0.039290 10 2 76296000.000000
13 0.064998 13 11 0.000000
14 0.064998 11 13 5060664.718311
13 0.064998 7 11 0.000000
14 0.064998 11 7 5060664.718311
13 0.064998 10 11 0.000000
14 0.064998 11 10 5060664.718311
13 0.064998 14 11 0.000000
14 0.064998 11 14 5060664.718311
13 0.064998 12 11 0.000000
14 0.064998 11 12 5060664.718311
13 0.064998 11 11 0.000000
14 0.064998 11 11 5060664.718311
14 0.064998 11 11 253033.235916
14 0.064998 11 12 253033.235916
14 0.064998 11 14 253033.235916
14 0.064998 11 10 253033.235916
14 0.064998 11 7 253033.235916
14 0.064998 11 13 253033.235916
15 0.065000 13 11 5060664.718311
15 0.065000 7 11 5060664.718311
15 0.065000 10 11 5060664.718311
15 0.065000 14 11 5060664.718311
15 0.065000 12 11 5060664.718311
15 0.065000 11 11 5060664.718311
15 0.065000 11 11 253033.235916
15 0.065000 12 11 253033.235916
15 0.065000 14 11 253033.235916
15 0.065000 10 11 253033.235916
15 0.065000 7 11 253033.235916
15 0.065000 13 11 253033.235916
13 0.065000 3 12 0.000000
14 0.065000 12 3 76296000.000000
15 0.065000 3 12 76296000.000000
13 0.081552 13 9 0.000000
14 0.081552 9 13 7859911.230163
15 0.081552 13 9 7859911.230163
13 0.081552 7 9 0.000000
14 0.081552 9 7 7859911.230163
15 0.081552 7 9 7859911.230163
13 0.081552 15 9 0.000000
14 0.081552 9 15 7859911.230163
15 0.081552 15 9 7859911.230163
14 0.081552 9 15 392995.561508
15 0.081552 15 9 392995.561508
14 0.081552 9 7 392995.561508
15 0.081552 7 9 392995.561508
14 0.081552 9 13 392995.561508
15 0.081552 13 9 392995.561508
13 0.081552 4 10 0.000000
14 0.081552 10 4 48492000.000000
14 0.106992 11 13 5114134.701194
14 0.106992 11 7 5114134.701194
14 0.106992 11 10 5114134.701194
14 0.106992 11 14 5114134.701194
14 0.106992 11 12 5114134.701194
13 0.106992 6 11 0.000000
14 0.106992 11 6 5114134.701194
13 0.106992 8 11 0.000000
14 0.106992 11 8 5114134.701194
14 0.106992 11 8 255706.735060
14 0.106992 11 6 255706.735060
14 0.106992 11 12 255706.735060
14 0.106992 11 14 255706.735060
14 0.106992 11 10 255706.735060
14 0.106992 11 7 255706.735060
14 0.106992 11 13 255706.735060
15 0.106993 13 11 5114134.701194
15 0.106993 7 11 5114134.701194
15 0.106993 10 11 5114134.701194
15 0.106993 14 11 5114134.701194
15 0.106993 12 11 5114134.701194
15 0.106993 6 11 5114134.701194
15 0.106993 8 11 5114134.701194
15 0.106993 8 11 255706.735060
15 0.106993 6 11 255706.735060
15 0.106993 12 11 255706.735060
15 0.106993 14 11 255706.735060
15 0.106993 10 11 255706.735060
15 0.106993 7 11 255706.735060
15 0.106993 13 11 255706.735060
13 0.106993 5 12 0.000000
14 0.106993 12 5 48492000.000000
15 0.106994 5 12 48492000.000000
13 0.107189 1 10 0.000000
14 0.107189 10 1 98095000.000000
13 0.132897 13 13 0.000000
14 0.132897 13 13 5060664.718311
13 0.132897 7 13 0.000000
14 0.132897 13 7 5060664.718311
13 0.132897 10 13 0.000000
14 0.132897 13 10 5060664.718311
13 0.132897 14 13 0.000000
14 0.132897 13 14 5060664.718311
13 0.132897 12 13 0.000000
14 0.132897 13 12 5060664.718311
13 0.132897 11 13 0.000000
14 0.132897 13 11 5060664.718311
14 0.132897 13 11 253033.235916
14 0.132897 13 12 253033.235916
14 0.132897 13 14 253033.235916
14 0.132897 13 10 253033.235916
14 0.132897 13 7 253033.235916
14 0.132897 13 13 253033.235916
15 0.170358 2 10 76296000.000000
15 0.209131 1 10 98095000.000000
15 0.287772 4 10 48492000.000000
15 2.108922 13 13 5060664.718311
15 2.108922 7 13 5060664.718311
15 2.108922 10 13 5060664.718311
15 2.108922 14 13 5060664.718311
15 2.108922 12 13 5060664.718311
15 2.108922 11 13 5060664.718311
15 2.108922 11 13 253033.235916
15 2.108922 12 13 253033.235916
15 2.108922 14 13 253033.235916
15 2.108922 10 13 253033.235916
15 2.108922 7 13 253033.235916
15 2.108922 13 13 253033.235916
13 2.108922 3 14 0.000000
14 2.108922 14 3 76296000.000000
15 2.108922 3 14 76296000.000000
14 2.134361 9 13 5114134.701194
15 2.134361 13 9 5114134.701194
14 2.134361 9 7 5114134.701194
15 2.134361 7 9 5114134.701194
13 2.134361 10 9 0.000000
14 2.134361 9 10 5114134.701194
15 2.134361 10 9 5114134.701194
13 2.134361 14 9 0.000000
14 2.134361 9 14 5114134.701194
15 2.134361 14 9 5114134.701194
13 2.134361 12 9 0.000000
14 2.134361 9 12 5114134.701194
15 2.134361 12 9 5114134.701194
13 2.134361 6 9 0.000000
14 2.134361 9 6 5114134.701194
15 2.134361 6 9 5114134.701194
13 2.134361 8 9 0.000000
14 2.134361 9 8 5114134.701194
15 2.134361 8 9 5114134.701194
14 2.134361 9 8 255706.735060
15 2.134361 8 9 255706.735060
14 2.134361 9 6 255706.735060
15 2.134361 6 9 255706.735060
14 2.134361 9 12 255706.735060
15 2.134361 12 9 255706.735060
14 2.134361 9 14 255706.735060
15 2.134361 14 9 255706.735060
14 2.134361 9 10 255706.735060
15 2.134361 10 9 255706.735060
14 2.134361 9 7 255706.735060
15 2.134361 7 9 255706.735060
14 2.134361 9 13 255706.735060
15 2.134361 13 9 255706.735060
13 2.134361 5 10 0.000000
14 2.134361 10 5 48492000.000000
13 2.153375 9 11 0.000000
14 2.153375 11 9 6660435.714286
14 2.153375 11 9 333021.785714
15 2.153377 9 11 6660435.714286
15 2.153377 9 11 333021.785714
13 2.153377 2 12 0.000000
14 2.153377 12 2 76296000.000000
15 2.153377 2 12 76296000.000000
14 2.153572 10 1 98095000.000000
14 2.170124 11 13 7859911.230163
14 2.170124 11 7 7859911.230163
13 2.170124 15 11 0.000000
14 2.170124 11 15 7859911.230163
14 2.170124 11 15 392995.561508
14 2.170124 11 7 392995.561508
14 2.170124 11 13 392995.561508
15 2.170126 13 11 7859911.230163
15 2.170126 7 11 7859911.230163
15 2.170126 15 11 7859911.230163
15 2.170126 15 11 392995.561508
15 2.170126 7 11 392995.561508
15 2.170126 13 11 392995.561508
15 2.170126 1 10 98095000.000000
13 2.170126 4 12 0.000000
14 2.170126 12 4 48492000.000000
14 2.170126 10 1 98095000.000000
15 2.170126 4 12 48492000.000000
14 2.195834 9 13 5060664.718311
15 2.195834 13 9 5060664.718311
14 2.195834 9 7 5060664.718311
15 2.195834 7 9 5060664.718311
14 2.195834 9 10 5060664.718311
15 2.195834 10 9 5060664.718311
14 2.195834 9 14 5060664.718311
15 2.195834 14 9 5060664.718311
14 2.195834 9 12 5060664.718311
15 2.195834 12 9 5060664.718311
13 2.195834 11 9 0.000000
14 2.195834 9 11 5060664.718311
15 2.195834 11 9 5060664.718311
14 2.195834 9 11 253033.235916
15 2.195834 11 9 253033.235916
14 2.195834 9 12 253033.235916
15 2.195834 12 9 253033.235916
14 2.195834 9 14 253033.235916
15 2.195834 14 9 253033.235916
14 2.195834 9 10 253033.235916
15 2.195834 10 9 253033.235916
14 2.195834 9 7 253033.235916
15 2.195834 7 9 253033.235916
14 2.195834 9 13 253033.235916
15 2.195834 13 9 253033.235916
15 2.195834 1 10 98095000.000000
14 2.195834 10 1 98095000.000000
13 2.195834 3 10 0.000000
14 2.195834 10 3 76296000.000000
13 2.214848 9 13 0.000000
14 2.214848 13 9 6660435.714286
14 2.214848 13 9 333021.785714
15 2.255514 1 10 98095000.000000
15 2.326902 3 10 76296000.000000
15 2.340581 5 10 48492000.000000
15 3.716251 9 13 6660435.714286
15 3.716251 9 13 333021.785714
13 3.716251 2 14 0.000000
14 3.716251 14 2 76296000.000000
15 3.716251 2 14 76296000.000000
14 3.732804 9 13 7859911.230163
15 3.732804 13 9 7859911.230163
14 3.732804 9 7 7859911.230163
15 3.732804 7 9 7859911.230163
14 3.732804 9 15 7859911.230163
15 3.732804 15 9 7859911.230163
14 3.732804 9 15 392995.561508
15 3.732804 15 9 392995.561508
14 3.732804 9 7 392995.561508
15 3.732804 7 9 392995.561508
14 3.732804 9 13 392995.561508
15 3.732804 13 9 392995.561508
14 3.732804 10 4 48492000.000000
13 3.732999 1 12 0.000000
14 3.732999 12 1 98095000.000000
15 3.732999 1 12 98095000.000000
14 3.758707 9 13 5060664.718311
15 3.758707 13 9 5060664.718311
14 3.758707 9 7 5060664.718311
15 3.758707 7 9 5060664.718311
14 3.758707 9 10 5060664.718311
15 3.758707 10 9 5060664.718311
14 3.758707 9 14 5060664.718311
15 3.758707 14 9 5060664.718311
14 3.758707 9 12 5060664.718311
15 3.758707 12 9 5060664.718311
14 3.758707 9 11 5060664.718311
15 3.758707 11 9 5060664.718311
14 3.758707 9 11 253033.235916
15 3.758707 11 9 253033.235916
14 3.758707 9 12 253033.235916
15 3.758707 12 9 253033.235916
14 3.758707 9 14 253033.235916
15 3.758707 14 9 253033.235916
14 3.758707 9 10 253033.235916
15 3.758707 10 9 253033.235916
14 3.758707 9 7 253033.235916
15 3.758707 7 9 253033.235916
14 3.758707 9 13 253033.235916
15 3.758707 13 9 253033.235916
14 3.758707 10 3 76296000.000000
14 3.784146 11 13 5114134.701194
14 3.784146 11 7 5114134.701194
14 3.784146 11 10 5114134.701194
14 3.784146 11 14 5114134.701194
14 3.784146 11 12 5114134.701194
14 3.784146 11 6 5114134.701194
14 3.784146 11 8 5114134.701194
14 3.784146 11 8 255706.735060
14 3.784146 11 6 255706.735060
14 3.784146 11 12 255706.735060
14 3.784146 11 14 255706.735060
14 3.784146 11 10 255706.735060
14 3.784146 11 7 255706.735060
14 3.784146 11 13 255706.735060
15 3.784148 13 11 5114134.701194
15 3.784148 7 11 5114134.701194
15 3.784148 10 11 5114134.701194
15 3.784148 14 11 5114134.701194
15 3.784148 12 11 5114134.701194
15 3.784148 6 11 5114134.701194
15 3.784148 8 11 5114134.701194
15 3.784148 8 11 255706.735060
15 3.784148 6 11 255706.735060
15 3.784148 12 11 255706.735060
15 3.784148 14 11 255706.735060
15 3.784148 10 11 255706.735060
15 3.784148 7 11 255706.735060
15 3.784148 13 11 255706.735060
14 3.784148 12 5 48492000.000000
15 3.784148 5 12 48492000.000000
14 3.803163 9 9 6660435.714286
15 3.803163 9 9 6660435.714286
14 3.803163 9 9 333021.785714
15 3.803163 9 9 333021.785714
14 3.803163 10 2 76296000.000000
14 3.823438 14 1 98095000.000000
15 3.823438 1 14 98095000.000000
14 3.848877 9 13 5114134.701194
15 3.848877 13 9 5114134.701194
14 3.848877 9 7 5114134.701194
15 3.848877 7 9 5114134.701194
14 3.848877 9 10 5114134.701194
15 3.848877 10 9 5114134.701194
14 3.848877 9 14 5114134.701194
15 3.848877 14 9 5114134.701194
14 3.848877 9 12 5114134.701194
15 3.848877 12 9 5114134.701194
14 3.848877 9 6 5114134.701194
15 3.848877 6 9 5114134.701194
14 3.848877 9 8 5114134.701194
15 3.848877 8 9 5114134.701194
14 3.848877 9 8 255706.735060
15 3.848877 8 9 255706.735060
14 3.848877 9 6 255706.735060
15 3.848877 6 9 255706.735060
14 3.848877 9 12 255706.735060
15 3.848877 12 9 255706.735060
14 3.848877 9 14 255706.735060
15 3.848877 14 9 255706.735060
14 3.848877 9 10 255706.735060
15 3.848877 10 9 255706.735060
14 3.848877 9 7 255706.735060
15 3.848877 7 9 255706.735060
14 3.848877 9 13 255706.735060
15 3.848877 13 9 255706.735060
14 3.848877 10 5 48492000.000000
15 3.889775 3 10 76296000.000000
15 3.934231 2 10 76296000.000000
15 3.939023 4 10 48492000.000000
13 3.969948 13 15 0.000000
14 3.969948 15 13 7859911.230163
13 3.969948 7 15 0.000000
14 3.969948 15 7 7859911.230163
13 3.969948 15 15 0.000000
14 3.969948 15 15 7859911.230163
14 3.969948 15 15 392995.561508
14 3.969948 15 7 392995.561508
14 3.969948 15 13 392995.561508
15 3.970075 13 15 7859911.230163
15 3.970075 7 15 7859911.230163
15 3.970075 15 15 7859911.230163
15 3.970075 15 15 392995.561508
15 3.970075 7 15 392995.561508
15 3.970075 13 15 392995.561508
15 4.055097 5 10 48492000.000000
7 4.080732 1 3
7 4.080732 1 1
7 4.080732 3 14
7 4.080732 3 12
7 4.080732 3 10
7 4.080732 3 7
7 4.080732 3 13
7 4.080732 3 15
7 4.080732 3 6
7 4.080732 3 8
7 4.080732 3 11
7 4.080732 3 9
7 4.080732 1 5
7 4.080732 1 2
7 4.080732 1 4
