#POTI_GIT_VERSION 92ea653 converter small fix: - EventDestroyContainer error
#POTI_GIT_DATE (date of the cmake configuration) 2014-10-05 18:53:13 -0300
%EventDef PajeDefineContainerType 0
%       Alias string
%       Type string
%       Name string
%EndEventDef
%EventDef PajeDefineVariableType 3
%       Alias string
%       Type string
%       Name string
%       Color color
%EndEventDef
%EventDef PajeDefineStateType 2
%       Alias string
%       Type string
%       Name string
%EndEventDef
%EventDef PajeDefineEventType 1
%       Alias string
%       Type string
%       Name string
%EndEventDef
%EventDef PajeDefineLinkType 4
%       Alias string
%       Type string
%       StartContainerType string
%       EndContainerType string
%       Name string
%EndEventDef
%EventDef PajeDefineEntityValue 5
%       Alias string
%       Type string
%       Name string
%       Color color
%EndEventDef
%EventDef PajeCreateContainer 6
%       Time date
%       Alias string
%       Type string
%       Container string
%       Name string
%EndEventDef
%EventDef PajeDestroyContainer 7
%       Time date
%       Type string
%       Name string
%EndEventDef
%EventDef PajeSetVariable 13
%       Time date
%       Container string
%       Type string
%       Value double
%EndEventDef
%EventDef PajeAddVariable 14
%       Time date
%       Container string
%       Type string
%       Value double
%EndEventDef
%EventDef PajeSubVariable 15
%       Time date
%       Container string
%       Type string
%       Value double
%EndEventDef
%EventDef PajeSetState 9
%       Time date
%       Container string
%       Type string
%       Value string
%EndEventDef
%EventDef PajePushState 10
%       Time date
%       Container string
%       Type string
%       Value string
%EndEventDef
%EventDef PajePopState 11
%       Time date
%       Container string
%       Type string
%EndEventDef
%EventDef PajeResetState 12
%       Time date
%       Type string
%       Container string
%EndEventDef
%EventDef PajeStartLink 16
%       Time date
%       Container string
%       Type string
%       StartContainer string
%       Value string
%       Key string
%EndEventDef
%EventDef PajeEndLink 17
%       Time date
%       Container string
%       Type string
%       EndContainer string
%       Value string
%       Key string
%EndEventDef
%EventDef PajeNewEvent 8
%       Time date
%       Container string
%       Type string
%       Value string
%EndEventDef
0 1 0 "HOST"
6 0.000000 1 1 0 "Tremblay"
3 2 1 "power" "1 1 1"
3 3 1 "power_used" "0.5 0.5 0.5"
6 0.000000 2 1 0 "Jupiter"
6 0.000000 3 1 0 "Fafard"
6 0.000000 4 1 0 "Ginette"
6 0.000000 5 1 0 "Bourassa"
0 4 0 "LINK"
6 0.000000 6 4 0 "6"
3 5 4 "bandwidth" "1 1 1"
3 6 4 "latency" "1 1 1"
3 7 4 "bandwidth_used" "0.5 0.5 0.5"
6 0.000000 7 4 0 "3"
6 0.000000 8 4 0 "7"
6 0.000000 9 4 0 "9"
6 0.000000 10 4 0 "2"
6 0.000000 11 4 0 "8"
6 0.000000 12 4 0 "1"
6 0.000000 13 4 0 "4"
6 0.000000 14 4 0 "0"
6 0.000000 15 4 0 "5"
4 8 0 1 4 "0-HOST1-LINK4"
4 9 0 4 4 "0-LINK4-LINK4"
4 10 0 4 1 "0-LINK4-HOST1"
13 0.000000 1 2 98095000.000000
13 0.000000 2 2 76296000.000000
13 0.000000 3 2 76296000.000000
13 0.000000 4 2 48492000.000000
13 0.000000 5 2 48492000.000000
13 0.000000 6 5 41279125.000000
13 0.000000 6 6 0.000060
13 0.000000 7 5 34285625.000000
13 0.000000 7 6 0.000514
13 0.000000 8 5 11618875.000000
13 0.000000 8 6 0.000190
13 0.000000 9 5 7209750.000000
13 0.000000 9 6 0.001462
13 0.000000 10 5 118682500.000000
13 0.000000 10 6 0.000137
13 0.000000 11 5 8158000.000000
13 0.000000 11 6 0.000271
13 0.000000 12 5 34285625.000000
13 0.000000 12 6 0.000514
13 0.000000 13 5 10099625.000000
13 0.000000 13 6 0.000480
13 0.000000 14 5 41279125.000000
13 0.000000 14 6 0.000060
13 0.000000 15 5 27946250.000000
13 0.000000 15 6 0.000278
16 0.000000 0 8 3 G 0
17 0.000000 0 8 11 G 0
16 0.000000 0 9 11 G 1
17 0.000000 0 9 12 G 1
16 0.000000 0 9 12 G 2
17 0.000000 0 9 14 G 2
16 0.000000 0 9 14 G 3
17 0.000000 0 9 10 G 3
16 0.000000 0 9 10 G 4
17 0.000000 0 9 7 G 4
16 0.000000 0 9 7 G 5
17 0.000000 0 9 13 G 5
16 0.000000 0 10 13 G 6
17 0.000000 0 10 1 G 6
16 0.000000 0 9 11 G 7
17 0.000000 0 9 6 G 7
16 0.000000 0 9 6 G 8
17 0.000000 0 9 8 G 8
16 0.000000 0 10 8 G 9
17 0.000000 0 10 5 G 9
16 0.000000 0 9 13 G 10
17 0.000000 0 9 9 G 10
16 0.000000 0 10 9 G 11
17 0.000000 0 10 2 G 11
16 0.000000 0 9 10 G 12
17 0.000000 0 9 15 G 12
16 0.000000 0 10 15 G 13
17 0.000000 0 10 4 G 13
16 0.000000 0 9 12 G 14
17 0.000000 0 9 6 G 14
16 0.000000 0 8 1 G 15
17 0.000000 0 8 9 G 15
16 0.000000 0 9 7 G 16
17 0.000000 0 9 15 G 16
3 11 1 "is_slave" "1 1 1"
3 12 1 "is_master" "1 1 1"
3 13 1 "task_creation" "1 1 1"
3 14 1 "task_computation" "1 1 1"
1 15 0 "msmark"
5 16 15 "start_send_tasks" "1 1 1"
5 17 15 "finish_send_tasks" "1 1 1"
3 18 4 "bcompute" "1 0 0"
3 19 1 "pcompute" "1 0 0"
3 20 4 "bfinalize" "0 1 0"
3 21 1 "pfinalize" "0 1 0"
3 22 4 "brequest" "0.000000 0.000985 0.041631"
3 23 1 "prequest" "0.000000 0.000985 0.041631"
3 24 4 "breport" "0.176643 0.364602 0.091331"
3 25 1 "preport" "0.176643 0.364602 0.091331"
13 0.000000 1 12 1.000000
8 0.000000 0 15 0.000000
13 0.000000 1 13 0.000000
13 0.000000 1 11 1.000000
13 0.000000 1 14 0.000000
13 0.000000 2 11 1.000000
13 0.000000 2 14 0.000000
13 0.000000 3 11 1.000000
13 0.000000 3 14 0.000000
13 0.000000 4 11 1.000000
13 0.000000 4 14 0.000000
13 0.000000 5 11 1.000000
13 0.000000 5 14 0.000000
14 0.002203 14 1 50000000.000000
13 0.002203 1 13 1.000000
13 0.002203 1 3 0.000000
14 0.002203 3 1 98095000.000000
13 0.002203 1 19 0.000000
14 0.002203 19 1 98095000.000000
13 0.021218 9 7 0.000000
14 0.021218 7 9 6660435.714286
13 0.021218 9 18 0.000000
14 0.021218 18 9 6660435.714286
14 0.021218 7 9 333021.785714
14 0.021218 18 9 333021.785714
15 0.171358 9 7 6660435.714286
15 0.171358 9 18 6660435.714286
15 0.171358 9 7 333021.785714
15 0.171358 9 18 333021.785714
14 0.171358 14 2 50000000.000000
13 0.171358 1 13 2.000000
15 0.171358 1 3 98095000.000000
15 0.171358 1 19 98095000.000000
14 0.171358 3 1 98095000.000000
14 0.171358 19 1 98095000.000000
13 0.171358 2 3 0.000000
14 0.171358 3 2 76296000.000000
13 0.171358 2 19 0.000000
14 0.171358 19 2 76296000.000000
13 0.197066 13 7 0.000000
14 0.197066 7 13 5060664.718311
13 0.197066 13 18 0.000000
14 0.197066 18 13 5060664.718311
13 0.197066 7 7 0.000000
14 0.197066 7 7 5060664.718311
13 0.197066 7 18 0.000000
14 0.197066 18 7 5060664.718311
13 0.197066 10 7 0.000000
14 0.197066 7 10 5060664.718311
13 0.197066 10 18 0.000000
14 0.197066 18 10 5060664.718311
13 0.197066 14 7 0.000000
14 0.197066 7 14 5060664.718311
13 0.197066 14 18 0.000000
14 0.197066 18 14 5060664.718311
13 0.197066 12 7 0.000000
14 0.197066 7 12 5060664.718311
13 0.197066 12 18 0.000000
14 0.197066 18 12 5060664.718311
13 0.197066 11 7 0.000000
14 0.197066 7 11 5060664.718311
13 0.197066 11 18 0.000000
14 0.197066 18 11 5060664.718311
14 0.197066 7 11 253033.235916
14 0.197066 18 11 253033.235916
14 0.197066 7 12 253033.235916
14 0.197066 18 12 253033.235916
14 0.197066 7 14 253033.235916
14 0.197066 18 14 253033.235916
14 0.197066 7 10 253033.235916
14 0.197066 18 10 253033.235916
14 0.197066 7 7 253033.235916
14 0.197066 18 7 253033.235916
14 0.197066 7 13 253033.235916
14 0.197066 18 13 253033.235916
15 0.394668 13 7 5060664.718311
15 0.394668 13 18 5060664.718311
15 0.394668 7 7 5060664.718311
15 0.394668 7 18 5060664.718311
15 0.394668 10 7 5060664.718311
15 0.394668 10 18 5060664.718311
15 0.394668 14 7 5060664.718311
15 0.394668 14 18 5060664.718311
15 0.394668 12 7 5060664.718311
15 0.394668 12 18 5060664.718311
15 0.394668 11 7 5060664.718311
15 0.394668 11 18 5060664.718311
15 0.394668 11 7 253033.235916
15 0.394668 11 18 253033.235916
15 0.394668 12 7 253033.235916
15 0.394668 12 18 253033.235916
15 0.394668 14 7 253033.235916
15 0.394668 14 18 253033.235916
15 0.394668 10 7 253033.235916
15 0.394668 10 18 253033.235916
15 0.394668 7 7 253033.235916
15 0.394668 7 18 253033.235916
15 0.394668 13 7 253033.235916
15 0.394668 13 18 253033.235916
14 0.394668 14 3 50000000.000000
13 0.394668 1 13 3.000000
15 0.394668 1 3 98095000.000000
15 0.394668 1 19 98095000.000000
14 0.394668 3 1 98095000.000000
14 0.394668 19 1 98095000.000000
13 0.394668 3 3 0.000000
14 0.394668 3 3 76296000.000000
13 0.394668 3 19 0.000000
14 0.394668 19 3 76296000.000000
14 0.411221 7 13 7859911.230163
14 0.411221 18 13 7859911.230163
14 0.411221 7 7 7859911.230163
14 0.411221 18 7 7859911.230163
13 0.411221 15 7 0.000000
14 0.411221 7 15 7859911.230163
13 0.411221 15 18 0.000000
14 0.411221 18 15 7859911.230163
14 0.411221 7 15 392995.561508
14 0.411221 18 15 392995.561508
14 0.411221 7 7 392995.561508
14 0.411221 18 7 392995.561508
14 0.411221 7 13 392995.561508
14 0.411221 18 13 392995.561508
15 0.511913 1 3 98095000.000000
15 0.511913 1 19 98095000.000000
15 0.538449 13 7 7859911.230163
15 0.538449 13 18 7859911.230163
15 0.538449 7 7 7859911.230163
15 0.538449 7 18 7859911.230163
15 0.538449 15 7 7859911.230163
15 0.538449 15 18 7859911.230163
15 0.538449 15 7 392995.561508
15 0.538449 15 18 392995.561508
15 0.538449 7 7 392995.561508
15 0.538449 7 18 392995.561508
15 0.538449 13 7 392995.561508
15 0.538449 13 18 392995.561508
14 0.538449 14 4 50000000.000000
13 0.538449 1 13 4.000000
13 0.538449 4 3 0.000000
14 0.538449 3 4 48492000.000000
13 0.538449 4 19 0.000000
14 0.538449 19 4 48492000.000000
14 0.563888 7 13 5114134.701194
14 0.563888 18 13 5114134.701194
14 0.563888 7 7 5114134.701194
14 0.563888 18 7 5114134.701194
14 0.563888 7 10 5114134.701194
14 0.563888 18 10 5114134.701194
14 0.563888 7 14 5114134.701194
14 0.563888 18 14 5114134.701194
14 0.563888 7 12 5114134.701194
14 0.563888 18 12 5114134.701194
13 0.563888 6 7 0.000000
14 0.563888 7 6 5114134.701194
13 0.563888 6 18 0.000000
14 0.563888 18 6 5114134.701194
13 0.563888 8 7 0.000000
14 0.563888 7 8 5114134.701194
13 0.563888 8 18 0.000000
14 0.563888 18 8 5114134.701194
14 0.563888 7 8 255706.735060
14 0.563888 18 8 255706.735060
14 0.563888 7 6 255706.735060
14 0.563888 18 6 255706.735060
14 0.563888 7 12 255706.735060
14 0.563888 18 12 255706.735060
14 0.563888 7 14 255706.735060
14 0.563888 18 14 255706.735060
14 0.563888 7 10 255706.735060
14 0.563888 18 10 255706.735060
14 0.563888 7 7 255706.735060
14 0.563888 18 7 255706.735060
14 0.563888 7 13 255706.735060
14 0.563888 18 13 255706.735060
15 0.759424 13 7 5114134.701194
15 0.759424 13 18 5114134.701194
15 0.759424 7 7 5114134.701194
15 0.759424 7 18 5114134.701194
15 0.759424 10 7 5114134.701194
15 0.759424 10 18 5114134.701194
15 0.759424 14 7 5114134.701194
15 0.759424 14 18 5114134.701194
15 0.759424 12 7 5114134.701194
15 0.759424 12 18 5114134.701194
15 0.759424 6 7 5114134.701194
15 0.759424 6 18 5114134.701194
15 0.759424 8 7 5114134.701194
15 0.759424 8 18 5114134.701194
15 0.759424 8 7 255706.735060
15 0.759424 8 18 255706.735060
15 0.759424 6 7 255706.735060
15 0.759424 6 18 255706.735060
15 0.759424 12 7 255706.735060
15 0.759424 12 18 255706.735060
15 0.759424 14 7 255706.735060
15 0.759424 14 18 255706.735060
15 0.759424 10 7 255706.735060
15 0.759424 10 18 255706.735060
15 0.759424 7 7 255706.735060
15 0.759424 7 18 255706.735060
15 0.759424 13 7 255706.735060
15 0.759424 13 18 255706.735060
14 0.759424 14 5 50000000.000000
13 0.759424 1 13 5.000000
13 0.759424 5 3 0.000000
14 0.759424 3 5 48492000.000000
13 0.759424 5 19 0.000000
14 0.759424 19 5 48492000.000000
14 0.761628 14 1 50000000.000000
13 0.761628 1 13 6.000000
14 0.761628 3 1 98095000.000000
14 0.761628 19 1 98095000.000000
15 0.826700 2 3 76296000.000000
15 0.826700 2 19 76296000.000000
14 0.845715 7 9 6660435.714286
14 0.845715 7 9 333021.785714
15 0.995855 9 7 6660435.714286
15 0.995855 9 7 333021.785714
13 0.995855 1 13 7.000000
14 0.995855 14 2 50000000.000000
15 0.995855 1 3 98095000.000000
15 0.995855 1 19 98095000.000000
14 0.995855 3 1 98095000.000000
14 0.995855 19 1 98095000.000000
14 0.995855 3 2 76296000.000000
14 0.995855 19 2 76296000.000000
15 1.050011 3 3 76296000.000000
15 1.050011 3 19 76296000.000000
14 1.075719 7 13 5060664.718311
14 1.075719 7 7 5060664.718311
14 1.075719 7 10 5060664.718311
14 1.075719 7 14 5060664.718311
14 1.075719 7 12 5060664.718311
14 1.075719 7 11 5060664.718311
14 1.075719 7 11 253033.235916
14 1.075719 7 12 253033.235916
14 1.075719 7 14 253033.235916
14 1.075719 7 10 253033.235916
14 1.075719 7 7 253033.235916
14 1.075719 7 13 253033.235916
15 1.271338 1 3 98095000.000000
15 1.271338 1 19 98095000.000000
15 1.273321 13 7 5060664.718311
15 1.273321 7 7 5060664.718311
15 1.273321 10 7 5060664.718311
15 1.273321 14 7 5060664.718311
15 1.273321 12 7 5060664.718311
15 1.273321 11 7 5060664.718311
15 1.273321 11 7 253033.235916
15 1.273321 12 7 253033.235916
15 1.273321 14 7 253033.235916
15 1.273321 10 7 253033.235916
15 1.273321 7 7 253033.235916
15 1.273321 13 7 253033.235916
13 1.273321 1 13 8.000000
14 1.273321 14 3 50000000.000000
14 1.273321 3 3 76296000.000000
14 1.273321 19 3 76296000.000000
14 1.275525 14 1 50000000.000000
13 1.275525 1 13 9.000000
14 1.275525 3 1 98095000.000000
14 1.275525 19 1 98095000.000000
15 1.569547 4 3 48492000.000000
15 1.569547 4 19 48492000.000000
14 1.586099 7 13 7859911.230163
14 1.586099 7 7 7859911.230163
14 1.586099 7 15 7859911.230163
14 1.586099 7 15 392995.561508
14 1.586099 7 7 392995.561508
14 1.586099 7 13 392995.561508
15 1.651197 2 3 76296000.000000
15 1.651197 2 19 76296000.000000
15 1.713327 13 7 7859911.230163
15 1.713327 7 7 7859911.230163
15 1.713327 15 7 7859911.230163
15 1.713327 15 7 392995.561508
15 1.713327 7 7 392995.561508
15 1.713327 13 7 392995.561508
13 1.713327 1 13 10.000000
14 1.713327 14 4 50000000.000000
15 1.713327 1 3 98095000.000000
15 1.713327 1 19 98095000.000000
14 1.713327 3 1 98095000.000000
14 1.713327 19 1 98095000.000000
14 1.713327 3 4 48492000.000000
14 1.713327 19 4 48492000.000000
14 1.732341 7 9 6660435.714286
14 1.732341 18 9 6660435.714286
14 1.732341 7 9 333021.785714
14 1.732341 18 9 333021.785714
15 1.785235 1 3 98095000.000000
15 1.785235 1 19 98095000.000000
15 1.790522 5 3 48492000.000000
15 1.790522 5 19 48492000.000000
15 1.882482 9 7 6660435.714286
15 1.882482 9 18 6660435.714286
15 1.882482 9 7 333021.785714
15 1.882482 9 18 333021.785714
14 1.882482 14 2 50000000.000000
13 1.882482 1 13 11.000000
14 1.882482 3 2 76296000.000000
14 1.882482 19 2 76296000.000000
14 1.884685 14 1 50000000.000000
13 1.884685 1 13 12.000000
14 1.884685 3 1 98095000.000000
14 1.884685 19 1 98095000.000000
14 1.910124 7 13 5114134.701194
14 1.910124 18 13 5114134.701194
14 1.910124 7 7 5114134.701194
14 1.910124 18 7 5114134.701194
14 1.910124 7 10 5114134.701194
14 1.910124 18 10 5114134.701194
14 1.910124 7 14 5114134.701194
14 1.910124 18 14 5114134.701194
14 1.910124 7 12 5114134.701194
14 1.910124 18 12 5114134.701194
14 1.910124 7 6 5114134.701194
14 1.910124 18 6 5114134.701194
14 1.910124 7 8 5114134.701194
14 1.910124 18 8 5114134.701194
14 1.910124 7 8 255706.735060
14 1.910124 18 8 255706.735060
14 1.910124 7 6 255706.735060
14 1.910124 18 6 255706.735060
14 1.910124 7 12 255706.735060
14 1.910124 18 12 255706.735060
14 1.910124 7 14 255706.735060
14 1.910124 18 14 255706.735060
14 1.910124 7 10 255706.735060
14 1.910124 18 10 255706.735060
14 1.910124 7 7 255706.735060
14 1.910124 18 7 255706.735060
14 1.910124 7 13 255706.735060
14 1.910124 18 13 255706.735060
15 1.928664 3 3 76296000.000000
15 1.928664 3 19 76296000.000000
15 2.105660 13 7 5114134.701194
15 2.105660 13 18 5114134.701194
15 2.105660 7 7 5114134.701194
15 2.105660 7 18 5114134.701194
15 2.105660 10 7 5114134.701194
15 2.105660 10 18 5114134.701194
15 2.105660 14 7 5114134.701194
15 2.105660 14 18 5114134.701194
15 2.105660 12 7 5114134.701194
15 2.105660 12 18 5114134.701194
15 2.105660 6 7 5114134.701194
15 2.105660 6 18 5114134.701194
15 2.105660 8 7 5114134.701194
15 2.105660 8 18 5114134.701194
15 2.105660 8 7 255706.735060
15 2.105660 8 18 255706.735060
15 2.105660 6 7 255706.735060
15 2.105660 6 18 255706.735060
15 2.105660 12 7 255706.735060
15 2.105660 12 18 255706.735060
15 2.105660 14 7 255706.735060
15 2.105660 14 18 255706.735060
15 2.105660 10 7 255706.735060
15 2.105660 10 18 255706.735060
15 2.105660 7 7 255706.735060
15 2.105660 7 18 255706.735060
15 2.105660 13 7 255706.735060
15 2.105660 13 18 255706.735060
14 2.105660 14 5 50000000.000000
13 2.105660 1 13 13.000000
15 2.105660 1 3 98095000.000000
15 2.105660 1 19 98095000.000000
14 2.105660 3 1 98095000.000000
14 2.105660 19 1 98095000.000000
14 2.105660 3 5 48492000.000000
14 2.105660 19 5 48492000.000000
14 2.131369 7 13 5060664.718311
14 2.131369 18 13 5060664.718311
14 2.131369 7 7 5060664.718311
14 2.131369 18 7 5060664.718311
14 2.131369 7 10 5060664.718311
14 2.131369 18 10 5060664.718311
14 2.131369 7 14 5060664.718311
14 2.131369 18 14 5060664.718311
14 2.131369 7 12 5060664.718311
14 2.131369 18 12 5060664.718311
14 2.131369 7 11 5060664.718311
14 2.131369 18 11 5060664.718311
14 2.131369 7 11 253033.235916
14 2.131369 18 11 253033.235916
14 2.131369 7 12 253033.235916
14 2.131369 18 12 253033.235916
14 2.131369 7 14 253033.235916
14 2.131369 18 14 253033.235916
14 2.131369 7 10 253033.235916
14 2.131369 18 10 253033.235916
14 2.131369 7 7 253033.235916
14 2.131369 18 7 253033.235916
14 2.131369 7 13 253033.235916
14 2.131369 18 13 253033.235916
15 2.328971 13 7 5060664.718311
15 2.328971 13 18 5060664.718311
15 2.328971 7 7 5060664.718311
15 2.328971 7 18 5060664.718311
15 2.328971 10 7 5060664.718311
15 2.328971 10 18 5060664.718311
15 2.328971 14 7 5060664.718311
15 2.328971 14 18 5060664.718311
15 2.328971 12 7 5060664.718311
15 2.328971 12 18 5060664.718311
15 2.328971 11 7 5060664.718311
15 2.328971 11 18 5060664.718311
15 2.328971 11 7 253033.235916
15 2.328971 11 18 253033.235916
15 2.328971 12 7 253033.235916
15 2.328971 12 18 253033.235916
15 2.328971 14 7 253033.235916
15 2.328971 14 18 253033.235916
15 2.328971 10 7 253033.235916
15 2.328971 10 18 253033.235916
15 2.328971 7 7 253033.235916
15 2.328971 7 18 253033.235916
15 2.328971 13 7 253033.235916
15 2.328971 13 18 253033.235916
14 2.328971 14 3 50000000.000000
13 2.328971 1 13 14.000000
15 2.328971 1 3 98095000.000000
15 2.328971 1 19 98095000.000000
14 2.328971 3 1 98095000.000000
14 2.328971 19 1 98095000.000000
14 2.328971 3 3 76296000.000000
14 2.328971 19 3 76296000.000000
15 2.394395 1 3 98095000.000000
15 2.394395 1 19 98095000.000000
13 2.396598 1 13 15.000000
14 2.396598 14 1 50000000.000000
14 2.396598 3 1 98095000.000000
14 2.396598 19 1 98095000.000000
15 2.537824 2 3 76296000.000000
15 2.537824 2 19 76296000.000000
14 2.556838 7 9 6660435.714286
14 2.556838 7 9 333021.785714
15 2.706979 9 7 6660435.714286
15 2.706979 9 7 333021.785714
13 2.706979 1 13 16.000000
14 2.706979 14 2 50000000.000000
15 2.706979 1 3 98095000.000000
15 2.706979 1 19 98095000.000000
14 2.706979 3 1 98095000.000000
14 2.706979 19 1 98095000.000000
14 2.706979 3 2 76296000.000000
14 2.706979 19 2 76296000.000000
15 2.744425 4 3 48492000.000000
15 2.744425 4 19 48492000.000000
14 2.760977 7 13 7859911.230163
14 2.760977 7 7 7859911.230163
14 2.760977 7 15 7859911.230163
14 2.760977 7 15 392995.561508
14 2.760977 7 7 392995.561508
14 2.760977 7 13 392995.561508
15 2.888205 13 7 7859911.230163
15 2.888205 7 7 7859911.230163
15 2.888205 15 7 7859911.230163
15 2.888205 15 7 392995.561508
15 2.888205 7 7 392995.561508
15 2.888205 13 7 392995.561508
13 2.888205 1 13 17.000000
14 2.888205 14 4 50000000.000000
15 2.888205 1 3 98095000.000000
15 2.888205 1 19 98095000.000000
14 2.888205 3 1 98095000.000000
14 2.888205 19 1 98095000.000000
14 2.888205 3 4 48492000.000000
14 2.888205 19 4 48492000.000000
15 2.906308 1 3 98095000.000000
15 2.906308 1 19 98095000.000000
13 2.908511 1 13 18.000000
14 2.908511 14 1 50000000.000000
14 2.908511 3 1 98095000.000000
14 2.908511 19 1 98095000.000000
15 2.984313 3 3 76296000.000000
15 2.984313 3 19 76296000.000000
14 3.010022 7 13 5060664.718311
14 3.010022 7 7 5060664.718311
14 3.010022 7 10 5060664.718311
14 3.010022 7 14 5060664.718311
14 3.010022 7 12 5060664.718311
14 3.010022 7 11 5060664.718311
14 3.010022 7 11 253033.235916
14 3.010022 7 12 253033.235916
14 3.010022 7 14 253033.235916
14 3.010022 7 10 253033.235916
14 3.010022 7 7 253033.235916
14 3.010022 7 13 253033.235916
15 3.136758 5 3 48492000.000000
15 3.136758 5 19 48492000.000000
15 3.207624 13 7 5060664.718311
15 3.207624 7 7 5060664.718311
15 3.207624 10 7 5060664.718311
15 3.207624 14 7 5060664.718311
15 3.207624 12 7 5060664.718311
15 3.207624 11 7 5060664.718311
15 3.207624 11 7 253033.235916
15 3.207624 12 7 253033.235916
15 3.207624 14 7 253033.235916
15 3.207624 10 7 253033.235916
15 3.207624 7 7 253033.235916
15 3.207624 13 7 253033.235916
13 3.207624 1 13 19.000000
14 3.207624 14 3 50000000.000000
15 3.207624 1 3 98095000.000000
15 3.207624 1 19 98095000.000000
14 3.207624 3 1 98095000.000000
14 3.207624 19 1 98095000.000000
14 3.207624 3 3 76296000.000000
14 3.207624 19 3 76296000.000000
14 3.233063 7 13 5114134.701194
14 3.233063 18 13 5114134.701194
14 3.233063 7 7 5114134.701194
14 3.233063 18 7 5114134.701194
14 3.233063 7 10 5114134.701194
14 3.233063 18 10 5114134.701194
14 3.233063 7 14 5114134.701194
14 3.233063 18 14 5114134.701194
14 3.233063 7 12 5114134.701194
14 3.233063 18 12 5114134.701194
14 3.233063 7 6 5114134.701194
14 3.233063 18 6 5114134.701194
14 3.233063 7 8 5114134.701194
14 3.233063 18 8 5114134.701194
14 3.233063 7 8 255706.735060
14 3.233063 18 8 255706.735060
14 3.233063 7 6 255706.735060
14 3.233063 18 6 255706.735060
14 3.233063 7 12 255706.735060
14 3.233063 18 12 255706.735060
14 3.233063 7 14 255706.735060
14 3.233063 18 14 255706.735060
14 3.233063 7 10 255706.735060
14 3.233063 18 10 255706.735060
14 3.233063 7 7 255706.735060
14 3.233063 18 7 255706.735060
14 3.233063 7 13 255706.735060
14 3.233063 18 13 255706.735060
15 3.362321 2 3 76296000.000000
15 3.362321 2 19 76296000.000000
15 3.418221 1 3 98095000.000000
15 3.418221 1 19 98095000.000000
15 3.428600 13 7 5114134.701194
15 3.428600 13 18 5114134.701194
15 3.428600 7 7 5114134.701194
15 3.428600 7 18 5114134.701194
15 3.428600 10 7 5114134.701194
15 3.428600 10 18 5114134.701194
15 3.428600 14 7 5114134.701194
15 3.428600 14 18 5114134.701194
15 3.428600 12 7 5114134.701194
15 3.428600 12 18 5114134.701194
15 3.428600 6 7 5114134.701194
15 3.428600 6 18 5114134.701194
15 3.428600 8 7 5114134.701194
15 3.428600 8 18 5114134.701194
15 3.428600 8 7 255706.735060
15 3.428600 8 18 255706.735060
15 3.428600 6 7 255706.735060
15 3.428600 6 18 255706.735060
15 3.428600 12 7 255706.735060
15 3.428600 12 18 255706.735060
15 3.428600 14 7 255706.735060
15 3.428600 14 18 255706.735060
15 3.428600 10 7 255706.735060
15 3.428600 10 18 255706.735060
15 3.428600 7 7 255706.735060
15 3.428600 7 18 255706.735060
15 3.428600 13 7 255706.735060
15 3.428600 13 18 255706.735060
14 3.428600 14 5 50000000.000000
8 3.428600 0 15 0.000000
14 3.428600 3 5 48492000.000000
14 3.428600 19 5 48492000.000000
14 3.447614 7 9 6660435.714286
15 3.447614 9 7 6660435.714286
13 3.447614 9 20 0.000000
14 3.447614 20 9 6660435.714286
15 3.447614 9 20 6660435.714286
14 3.447614 7 9 333021.785714
15 3.447614 9 7 333021.785714
14 3.447614 20 9 333021.785714
15 3.447614 9 20 333021.785714
15 3.862966 3 3 76296000.000000
15 3.862966 3 19 76296000.000000
14 3.888674 7 13 5060664.718311
15 3.888674 13 7 5060664.718311
14 3.888674 7 7 5060664.718311
15 3.888674 7 7 5060664.718311
14 3.888674 7 10 5060664.718311
15 3.888674 10 7 5060664.718311
14 3.888674 7 14 5060664.718311
15 3.888674 14 7 5060664.718311
14 3.888674 7 12 5060664.718311
15 3.888674 12 7 5060664.718311
14 3.888674 7 11 5060664.718311
15 3.888674 11 7 5060664.718311
14 3.888674 7 11 253033.235916
15 3.888674 11 7 253033.235916
14 3.888674 7 12 253033.235916
15 3.888674 12 7 253033.235916
14 3.888674 7 14 253033.235916
15 3.888674 14 7 253033.235916
14 3.888674 7 10 253033.235916
15 3.888674 10 7 253033.235916
14 3.888674 7 7 253033.235916
15 3.888674 7 7 253033.235916
14 3.888674 7 13 253033.235916
15 3.888674 13 7 253033.235916
15 3.919303 4 3 48492000.000000
15 3.919303 4 19 48492000.000000
14 3.935855 7 13 7859911.230163
15 3.935855 13 7 7859911.230163
14 3.935855 7 7 7859911.230163
15 3.935855 7 7 7859911.230163
14 3.935855 7 15 7859911.230163
15 3.935855 15 7 7859911.230163
14 3.935855 7 15 392995.561508
15 3.935855 15 7 392995.561508
14 3.935855 7 7 392995.561508
15 3.935855 7 7 392995.561508
14 3.935855 7 13 392995.561508
15 3.935855 13 7 392995.561508
15 4.459698 5 3 48492000.000000
15 4.459698 5 19 48492000.000000
14 4.485137 7 13 5114134.701194
15 4.485137 13 7 5114134.701194
14 4.485137 7 7 5114134.701194
15 4.485137 7 7 5114134.701194
14 4.485137 7 10 5114134.701194
15 4.485137 10 7 5114134.701194
14 4.485137 7 14 5114134.701194
15 4.485137 14 7 5114134.701194
14 4.485137 7 12 5114134.701194
15 4.485137 12 7 5114134.701194
14 4.485137 7 6 5114134.701194
15 4.485137 6 7 5114134.701194
14 4.485137 7 8 5114134.701194
15 4.485137 8 7 5114134.701194
14 4.485137 7 8 255706.735060
15 4.485137 8 7 255706.735060
14 4.485137 7 6 255706.735060
15 4.485137 6 7 255706.735060
14 4.485137 7 12 255706.735060
15 4.485137 12 7 255706.735060
14 4.485137 7 14 255706.735060
15 4.485137 14 7 255706.735060
14 4.485137 7 10 255706.735060
15 4.485137 10 7 255706.735060
14 4.485137 7 7 255706.735060
15 4.485137 7 7 255706.735060
14 4.485137 7 13 255706.735060
15 4.485137 13 7 255706.735060
7 4.485137 1 3
7 4.485137 1 1
7 4.485137 4 14
7 4.485137 4 12
7 4.485137 4 10
7 4.485137 4 7
7 4.485137 4 13
7 4.485137 4 15
7 4.485137 4 6
7 4.485137 4 8
7 4.485137 4 11
7 4.485137 4 9
7 4.485137 1 5
7 4.485137 1 2
7 4.485137 1 4
